[13:56:20.321] THREAD START
[13:56:20.321] after first progress_signal emit
[13:56:20.327] local_audit done: 6 findings
[13:56:20.327] needs_ai=True (C:0 H:2 M:4)
[13:56:20.327] probing AI...
[13:56:34.266] probe result: ok=True, type=None
[13:56:34.269] sending AI request: 22.9KB
[13:58:43.914] THREAD START
[13:58:43.919] after first progress_signal emit
[13:58:43.924] local_audit done: 6 findings
[13:58:43.924] needs_ai=True (C:0 H:2 M:4)
[13:58:43.924] probing AI...
[13:58:58.602] probe result: ok=True, type=None
[13:58:58.605] sending AI request: 22.9KB
[14:05:31.564] THREAD START
[14:05:31.564] after first progress_signal emit
[14:05:31.570] local_audit done: 6 findings
[14:05:31.570] needs_ai=True (C:0 H:2 M:4)
[14:05:31.572] probing AI...
[14:05:44.966] probe result: ok=True, type=None
[14:05:44.969] sending AI request: 22.9KB
[14:17:24.183] THREAD START
[14:17:24.184] after first progress_signal emit
[14:17:24.188] local_audit done: 6 findings
[14:17:24.189] needs_ai=True (C:0 H:2 M:4)
[14:17:24.189] probing AI...
[14:17:37.689] probe result: ok=True, type=None
[14:17:37.690] sending AI request: 22.9KB
[16:51:33.803] THREAD START
[16:51:33.804] after first progress_signal emit
[16:51:33.809] local_audit done: 6 findings
[16:51:33.809] needs_ai=True (C:0 H:2 M:4)
[16:51:33.809] probing AI...
[16:51:47.498] probe result: ok=True, type=None
[16:51:47.500] sending AI request: 22.9KB
[09:08:17.231] THREAD START
[09:08:17.232] after first progress_signal emit
[09:08:17.237] local_audit done: 6 findings
[09:08:17.237] needs_ai=True (C:0 H:2 M:4)
[09:08:17.238] probing AI...
[09:08:21.802] probe result: ok=True, type=None
[09:08:21.803] sending AI request: 18.4KB
[09:19:53.922] THREAD START
[09:19:53.923] after first progress_signal emit
[09:19:53.928] local_audit done: 6 findings
[09:19:53.928] needs_ai=True (C:0 H:2 M:4)
[09:19:53.935] probing AI...
[09:20:03.062] probe result: ok=True, type=None
[09:20:03.064] sending AI request: 5.3KB
[10:08:32.980] THREAD START
[10:08:32.981] after first progress_signal emit
[10:08:32.986] local_audit done: 6 findings
[10:08:32.986] needs_ai=True (C:0 H:2 M:4)
[10:08:32.987] probing AI...
[10:08:48.609] probe result: ok=True, type=None
[10:08:48.610] sending AI request: 5.3KB
