2026-05-19 11:01:08 [INFO] NetOps - 成功加载 0 台设备
2026-05-19 11:01:08 [INFO] NetOps - 成功加载 0 台设备
2026-05-19 11:01:51 [INFO] NetOps - 新增设备: 172.20.100.254
2026-05-19 11:01:51 [DEBUG] NetOps - 密码加密成功，长度: 6 -> 55
2026-05-19 11:01:51 [DEBUG] NetOps - 密码加密成功，长度: 6 -> 55
2026-05-19 11:01:51 [INFO] NetOps - 成功保存 1 台设备到 E:\NetOps\dist\projects\01_test01\config\device_list.txt
2026-05-19 11:01:51 [DEBUG] NetOps - 密码解密成功，长度: 55 -> 6
2026-05-19 11:01:51 [DEBUG] NetOps - 密码解密成功，长度: 55 -> 6
2026-05-19 11:01:51 [INFO] NetOps - 成功加载 1 台设备
2026-05-19 11:13:30 [DEBUG] NetOps - 密码解密成功，长度: 55 -> 6
2026-05-19 11:13:30 [DEBUG] NetOps - 密码解密成功，长度: 55 -> 6
2026-05-19 11:13:30 [INFO] NetOps - 成功加载 1 台设备
2026-05-19 11:14:46 [DEBUG] NetOps - 密码解密成功，长度: 55 -> 6
2026-05-19 11:14:46 [DEBUG] NetOps - 密码解密成功，长度: 55 -> 6
2026-05-19 11:14:46 [INFO] NetOps - 成功加载 1 台设备
2026-05-19 11:15:19 [DEBUG] NetOps - 密码解密成功，长度: 55 -> 6
2026-05-19 11:15:19 [DEBUG] NetOps - 密码解密成功，长度: 55 -> 6
2026-05-19 11:15:19 [INFO] NetOps - 成功加载 1 台设备
2026-05-19 11:25:56 [DEBUG] NetOps - 密码解密成功，长度: 55 -> 6
2026-05-19 11:25:56 [DEBUG] NetOps - 密码解密成功，长度: 55 -> 6
2026-05-19 11:25:56 [INFO] NetOps - 成功加载 1 台设备
2026-05-19 11:35:50 [DEBUG] NetOps - 密码解密成功，长度: 55 -> 6
2026-05-19 11:35:50 [DEBUG] NetOps - 密码解密成功，长度: 55 -> 6
2026-05-19 11:35:50 [INFO] NetOps - 成功加载 1 台设备
2026-05-19 12:08:51 [DEBUG] NetOps - 密码解密成功，长度: 55 -> 6
2026-05-19 12:08:51 [DEBUG] NetOps - 密码解密成功，长度: 55 -> 6
2026-05-19 12:08:51 [INFO] NetOps - 成功加载 1 台设备
2026-05-19 12:13:45 [DEBUG] NetOps - 密码解密成功，长度: 55 -> 6
2026-05-19 12:13:45 [DEBUG] NetOps - 密码解密成功，长度: 55 -> 6
2026-05-19 12:13:45 [INFO] NetOps - 成功加载 1 台设备
2026-05-19 12:19:32 [DEBUG] NetOps - 密码解密成功，长度: 55 -> 6
2026-05-19 12:19:32 [DEBUG] NetOps - 密码解密成功，长度: 55 -> 6
2026-05-19 12:19:32 [INFO] NetOps - 成功加载 1 台设备
2026-05-19 12:25:38 [DEBUG] NetOps - 密码解密成功，长度: 55 -> 6
2026-05-19 12:25:38 [DEBUG] NetOps - 密码解密成功，长度: 55 -> 6
2026-05-19 12:25:38 [INFO] NetOps - 成功加载 1 台设备
2026-05-19 12:36:16 [DEBUG] NetOps - 密码解密成功，长度: 55 -> 6
2026-05-19 12:36:16 [DEBUG] NetOps - 密码解密成功，长度: 55 -> 6
2026-05-19 12:36:16 [INFO] NetOps - 成功加载 1 台设备
2026-05-19 12:46:43 [DEBUG] NetOps - 密码解密成功，长度: 55 -> 6
2026-05-19 12:46:43 [DEBUG] NetOps - 密码解密成功，长度: 55 -> 6
2026-05-19 12:46:43 [INFO] NetOps - 成功加载 1 台设备
2026-05-19 12:54:31 [DEBUG] NetOps - 密码解密成功，长度: 55 -> 6
2026-05-19 12:54:31 [DEBUG] NetOps - 密码解密成功，长度: 55 -> 6
2026-05-19 12:54:31 [INFO] NetOps - 成功加载 1 台设备
2026-05-19 13:00:51 [DEBUG] NetOps - 密码解密成功，长度: 55 -> 6
2026-05-19 13:00:51 [DEBUG] NetOps - 密码解密成功，长度: 55 -> 6
2026-05-19 13:00:51 [INFO] NetOps - 成功加载 1 台设备
2026-05-19 13:00:54 [INFO] NetOps - 运维工具箱刷新项目列表，找到 1 个项目
2026-05-19 13:11:53 [DEBUG] NetOps - 密码解密成功，长度: 55 -> 6
2026-05-19 13:11:53 [DEBUG] NetOps - 密码解密成功，长度: 55 -> 6
2026-05-19 13:11:53 [INFO] NetOps - 成功加载 1 台设备
2026-05-19 13:25:40 [DEBUG] NetOps - 密码解密成功，长度: 55 -> 6
2026-05-19 13:25:40 [DEBUG] NetOps - 密码解密成功，长度: 55 -> 6
2026-05-19 13:25:40 [INFO] NetOps - 成功加载 1 台设备
2026-05-19 13:36:56 [DEBUG] NetOps - 密码解密成功，长度: 55 -> 6
2026-05-19 13:36:56 [DEBUG] NetOps - 密码解密成功，长度: 55 -> 6
2026-05-19 13:36:56 [INFO] NetOps - 成功加载 1 台设备
2026-05-19 13:55:54 [DEBUG] NetOps - 密码解密成功，长度: 55 -> 6
2026-05-19 13:55:54 [DEBUG] NetOps - 密码解密成功，长度: 55 -> 6
2026-05-19 13:55:54 [INFO] NetOps - 成功加载 1 台设备
2026-05-19 13:58:32 [DEBUG] NetOps - 密码解密成功，长度: 55 -> 6
2026-05-19 13:58:32 [DEBUG] NetOps - 密码解密成功，长度: 55 -> 6
2026-05-19 13:58:32 [INFO] NetOps - 成功加载 1 台设备
2026-05-19 14:05:20 [DEBUG] NetOps - 密码解密成功，长度: 55 -> 6
2026-05-19 14:05:20 [DEBUG] NetOps - 密码解密成功，长度: 55 -> 6
2026-05-19 14:05:20 [INFO] NetOps - 成功加载 1 台设备
2026-05-19 14:17:03 [DEBUG] NetOps - 密码解密成功，长度: 55 -> 6
2026-05-19 14:17:03 [DEBUG] NetOps - 密码解密成功，长度: 55 -> 6
2026-05-19 14:17:03 [INFO] NetOps - 成功加载 1 台设备
2026-05-19 14:54:09 [DEBUG] NetOps - 密码解密成功，长度: 55 -> 6
2026-05-19 14:54:09 [DEBUG] NetOps - 密码解密成功，长度: 55 -> 6
2026-05-19 14:54:09 [INFO] NetOps - 成功加载 1 台设备
2026-05-19 14:56:03 [DEBUG] NetOps - 密码解密成功，长度: 55 -> 6
2026-05-19 14:56:03 [DEBUG] NetOps - 密码解密成功，长度: 55 -> 6
2026-05-19 14:56:03 [INFO] NetOps - 成功加载 1 台设备
2026-05-19 15:10:13 [DEBUG] NetOps - 密码解密成功，长度: 55 -> 6
2026-05-19 15:10:13 [DEBUG] NetOps - 密码解密成功，长度: 55 -> 6
2026-05-19 15:10:13 [INFO] NetOps - 成功加载 1 台设备
2026-05-19 15:15:05 [DEBUG] NetOps - 密码解密成功，长度: 55 -> 6
2026-05-19 15:15:05 [DEBUG] NetOps - 密码解密成功，长度: 55 -> 6
2026-05-19 15:15:05 [INFO] NetOps - 成功加载 1 台设备
2026-05-19 15:20:51 [DEBUG] NetOps - 密码解密成功，长度: 55 -> 6
2026-05-19 15:20:51 [DEBUG] NetOps - 密码解密成功，长度: 55 -> 6
2026-05-19 15:20:51 [INFO] NetOps - 成功加载 1 台设备
2026-05-19 15:22:41 [DEBUG] NetOps - 密码解密成功，长度: 55 -> 6
2026-05-19 15:22:41 [DEBUG] NetOps - 密码解密成功，长度: 55 -> 6
2026-05-19 15:22:41 [INFO] NetOps - 成功加载 1 台设备
2026-05-19 15:22:45 [DEBUG] NetOps - 密码解密成功，长度: 55 -> 6
2026-05-19 15:22:45 [DEBUG] NetOps - 密码解密成功，长度: 55 -> 6
2026-05-19 15:22:45 [INFO] NetOps - 成功加载 1 台设备
2026-05-19 15:32:58 [DEBUG] NetOps - 密码解密成功，长度: 55 -> 6
2026-05-19 15:32:58 [DEBUG] NetOps - 密码解密成功，长度: 55 -> 6
2026-05-19 15:32:58 [INFO] NetOps - 成功加载 1 台设备
2026-05-19 15:35:42 [DEBUG] NetOps - 密码解密成功，长度: 55 -> 6
2026-05-19 15:35:42 [DEBUG] NetOps - 密码解密成功，长度: 55 -> 6
2026-05-19 15:35:42 [INFO] NetOps - 成功加载 1 台设备
2026-05-19 16:13:36 [DEBUG] NetOps - 密码解密成功，长度: 55 -> 6
2026-05-19 16:13:36 [DEBUG] NetOps - 密码解密成功，长度: 55 -> 6
2026-05-19 16:13:36 [INFO] NetOps - 成功加载 1 台设备
2026-05-19 16:14:20 [DEBUG] NetOps - 密码解密成功，长度: 55 -> 6
2026-05-19 16:14:20 [DEBUG] NetOps - 密码解密成功，长度: 55 -> 6
2026-05-19 16:14:20 [INFO] NetOps - 成功加载 1 台设备
2026-05-19 16:16:10 [DEBUG] NetOps - 密码解密成功，长度: 55 -> 6
2026-05-19 16:16:10 [DEBUG] NetOps - 密码解密成功，长度: 55 -> 6
2026-05-19 16:16:10 [INFO] NetOps - 成功加载 1 台设备
2026-05-19 16:16:12 [INFO] NetOps - 运维工具箱刷新项目列表，找到 1 个项目
2026-05-19 16:16:14 [DEBUG] NetOps - 密码解密成功，长度: 55 -> 6
2026-05-19 16:16:14 [DEBUG] NetOps - 密码解密成功，长度: 55 -> 6
2026-05-19 16:16:14 [INFO] NetOps - 成功加载 1 台设备
2026-05-19 16:27:07 [DEBUG] NetOps - 密码解密成功，长度: 55 -> 6
2026-05-19 16:27:07 [DEBUG] NetOps - 密码解密成功，长度: 55 -> 6
2026-05-19 16:27:07 [INFO] NetOps - 成功加载 1 台设备
2026-05-19 16:28:32 [DEBUG] NetOps - 密码解密成功，长度: 55 -> 6
2026-05-19 16:28:32 [DEBUG] NetOps - 密码解密成功，长度: 55 -> 6
2026-05-19 16:28:32 [INFO] NetOps - 成功加载 1 台设备
2026-05-19 16:28:35 [INFO] NetOps - 运维工具箱刷新项目列表，找到 1 个项目
2026-05-19 16:29:22 [DEBUG] NetOps - 密码解密成功，长度: 55 -> 6
2026-05-19 16:29:22 [DEBUG] NetOps - 密码解密成功，长度: 55 -> 6
2026-05-19 16:29:22 [INFO] NetOps - 成功加载 1 台设备
2026-05-19 16:29:26 [INFO] NetOps - 运维工具箱刷新项目列表，找到 1 个项目
2026-05-19 16:30:00 [DEBUG] NetOps - 密码解密成功，长度: 55 -> 6
2026-05-19 16:30:00 [DEBUG] NetOps - 密码解密成功，长度: 55 -> 6
2026-05-19 16:30:00 [INFO] NetOps - 成功加载 1 台设备
2026-05-19 16:30:04 [DEBUG] NetOps - 密码解密成功，长度: 55 -> 6
2026-05-19 16:30:04 [DEBUG] NetOps - 密码解密成功，长度: 55 -> 6
2026-05-19 16:30:04 [INFO] NetOps - 成功加载 1 台设备
2026-05-19 16:30:04 [DEBUG] NetOps - 密码解密成功，长度: 55 -> 6
2026-05-19 16:30:04 [DEBUG] NetOps - 密码解密成功，长度: 55 -> 6
2026-05-19 16:30:04 [INFO] NetOps - 成功加载 1 台设备
2026-05-19 16:30:05 [DEBUG] NetOps - 密码解密成功，长度: 55 -> 6
2026-05-19 16:30:05 [DEBUG] NetOps - 密码解密成功，长度: 55 -> 6
2026-05-19 16:30:05 [INFO] NetOps - 成功加载 1 台设备
2026-05-19 16:30:05 [DEBUG] NetOps - 密码解密成功，长度: 55 -> 6
2026-05-19 16:30:05 [DEBUG] NetOps - 密码解密成功，长度: 55 -> 6
2026-05-19 16:30:05 [INFO] NetOps - 成功加载 1 台设备
2026-05-19 16:30:06 [DEBUG] NetOps - 密码解密成功，长度: 55 -> 6
2026-05-19 16:30:06 [DEBUG] NetOps - 密码解密成功，长度: 55 -> 6
2026-05-19 16:30:06 [INFO] NetOps - 成功加载 1 台设备
2026-05-19 16:30:06 [DEBUG] NetOps - 密码解密成功，长度: 55 -> 6
2026-05-19 16:30:06 [DEBUG] NetOps - 密码解密成功，长度: 55 -> 6
2026-05-19 16:30:06 [INFO] NetOps - 成功加载 1 台设备
2026-05-19 16:30:07 [DEBUG] NetOps - 密码解密成功，长度: 55 -> 6
2026-05-19 16:30:07 [DEBUG] NetOps - 密码解密成功，长度: 55 -> 6
2026-05-19 16:30:07 [INFO] NetOps - 成功加载 1 台设备
2026-05-19 16:30:07 [DEBUG] NetOps - 密码解密成功，长度: 55 -> 6
2026-05-19 16:30:07 [DEBUG] NetOps - 密码解密成功，长度: 55 -> 6
2026-05-19 16:30:07 [INFO] NetOps - 成功加载 1 台设备
2026-05-19 16:30:07 [DEBUG] NetOps - 密码解密成功，长度: 55 -> 6
2026-05-19 16:30:07 [DEBUG] NetOps - 密码解密成功，长度: 55 -> 6
2026-05-19 16:30:07 [INFO] NetOps - 成功加载 1 台设备
2026-05-19 16:30:07 [DEBUG] NetOps - 密码解密成功，长度: 55 -> 6
2026-05-19 16:30:07 [DEBUG] NetOps - 密码解密成功，长度: 55 -> 6
2026-05-19 16:30:07 [INFO] NetOps - 成功加载 1 台设备
2026-05-19 16:30:13 [INFO] NetOps - 运维工具箱刷新项目列表，找到 1 个项目
2026-05-19 16:31:08 [INFO] NetOps - 运维工具箱刷新项目列表，找到 1 个项目
2026-05-19 16:31:11 [DEBUG] NetOps - 密码解密成功，长度: 55 -> 6
2026-05-19 16:31:11 [DEBUG] NetOps - 密码解密成功，长度: 55 -> 6
2026-05-19 16:31:11 [INFO] NetOps - 成功加载 1 台设备
2026-05-19 16:31:13 [INFO] NetOps - 运维工具箱刷新项目列表，找到 1 个项目
2026-05-19 16:48:39 [DEBUG] NetOps - 密码解密成功，长度: 55 -> 6
2026-05-19 16:48:39 [DEBUG] NetOps - 密码解密成功，长度: 55 -> 6
2026-05-19 16:48:39 [INFO] NetOps - 成功加载 1 台设备
2026-05-19 16:49:24 [DEBUG] NetOps - 密码解密成功，长度: 55 -> 6
2026-05-19 16:49:24 [DEBUG] NetOps - 密码解密成功，长度: 55 -> 6
2026-05-19 16:49:24 [INFO] NetOps - 成功加载 1 台设备
2026-05-19 16:49:26 [INFO] NetOps - 运维工具箱刷新项目列表，找到 1 个项目
2026-05-19 16:50:39 [DEBUG] NetOps - 密码解密成功，长度: 55 -> 6
2026-05-19 16:50:39 [DEBUG] NetOps - 密码解密成功，长度: 55 -> 6
2026-05-19 16:50:39 [INFO] NetOps - 成功加载 1 台设备
2026-05-19 16:50:41 [DEBUG] NetOps - 密码解密成功，长度: 55 -> 6
2026-05-19 16:50:41 [DEBUG] NetOps - 密码解密成功，长度: 55 -> 6
2026-05-19 16:50:41 [INFO] NetOps - 成功加载 1 台设备
2026-05-19 16:51:19 [INFO] NetOps - 运维工具箱刷新项目列表，找到 1 个项目
2026-05-19 17:28:35 [DEBUG] NetOps - 密码解密成功，长度: 55 -> 6
2026-05-19 17:28:35 [DEBUG] NetOps - 密码解密成功，长度: 55 -> 6
2026-05-19 17:28:35 [INFO] NetOps - 成功加载 1 台设备
2026-05-19 17:29:12 [DEBUG] NetOps - 密码解密成功，长度: 55 -> 6
2026-05-19 17:29:12 [DEBUG] NetOps - 密码解密成功，长度: 55 -> 6
2026-05-19 17:29:12 [INFO] NetOps - 成功加载 1 台设备
2026-05-19 17:30:12 [DEBUG] NetOps - 密码解密成功，长度: 55 -> 6
2026-05-19 17:30:12 [DEBUG] NetOps - 密码解密成功，长度: 55 -> 6
2026-05-19 17:30:12 [INFO] NetOps - 成功加载 1 台设备
2026-05-19 17:30:18 [INFO] NetOps - 运维工具箱刷新项目列表，找到 1 个项目
